=============================
  LOADING MODULES
=============================
=============================
  BUILDING AND COMPILATION
=============================
-- Cray Programming Environment 2.5.15 C
-- Cray Programming Environment 2.5.15 CXX
-- Configuring done
-- Generating done
-- Build files have been written to: /scratch/snx3000/mazzolag/qsim/QuEST/build
[ 30%] Built target QuEST
[ 38%] Built target period-finding
[ 65%] Built target gtest
[ 65%] Built target ghadamard
[ 69%] Built target dj
[ 69%] Built target demo
[ 76%] Built target bernstein
[ 84%] Built target approx-pf
[ 92%] Built target shor
[100%] Built target grover
================================
       RUNNING BENCHMARKS
================================
CONFIGURATION: N = 5000000, nodes = 16
Rep 1: Test x0 = 2747244
T = 2274
Found x0 = 2747244 with success probability 1
Rep 2: Test x0 = 2967655
T = 2274
Found x0 = 2967655 with success probability 1
Rep 3: Test x0 = 3580087
T = 2274
Found x0 = 3580087 with success probability 1
Rep 4: Test x0 = 4226216
T = 2274
Found x0 = 4226216 with success probability 1
Rep 5: Test x0 = 3017306
T = 2274
Found x0 = 3017306 with success probability 1
Rep 6: Test x0 = 4294695
T = 2274
Found x0 = 4294695 with success probability 1
Rep 7: Test x0 = 2727570
T = 2274
Found x0 = 2727570 with success probability 1
Rep 8: Test x0 = 4241163
T = 2274
Found x0 = 4241163 with success probability 1
Rep 9: Test x0 = 2120726
T = 2274
Found x0 = 2120726 with success probability 1
Rep 10: Test x0 = 3121428
T = 2274
Found x0 = 3121428 with success probability 1
Duration [ms] = 100275, 108878, 108990, 108742, 108508, 108780, 108901, 108222, 108144, 109282
Avg time [ms] = 107872, Std deviation = 2553
CONFIGURATION: N = 5000000, nodes = 8
srun: Warning: can't honor --ntasks-per-node set to 2 which doesn't match the requested tasks 32 with the number of requested nodes 8. Ignoring --ntasks-per-node.
Rep 1: Test x0 = 2747244
T = 2274
Found x0 = 2747244 with success probability 1
Rep 2: Test x0 = 2967655
T = 2274
Found x0 = 2967655 with success probability 1
Rep 3: Test x0 = 3580087
T = 2274
Found x0 = 3580087 with success probability 1
Rep 4: Test x0 = 4226216
T = 2274
Found x0 = 4226216 with success probability 1
Rep 5: Test x0 = 3017306
T = 2274
Found x0 = 3017306 with success probability 1
Rep 6: Test x0 = 4294695
T = 2274
Found x0 = 4294695 with success probability 1
Rep 7: Test x0 = 2727570
T = 2274
Found x0 = 2727570 with success probability 1
Rep 8: Test x0 = 4241163
T = 2274
Found x0 = 4241163 with success probability 1
Rep 9: Test x0 = 2120726
T = 2274
Found x0 = 2120726 with success probability 1
Rep 10: Test x0 = 3121428
T = 2274
Found x0 = 3121428 with success probability 1
Duration [ms] = 354544, 366193, 366062, 364825, 366654, 364348, 364975, 364451, 364522, 366323
Avg time [ms] = 364289, Std deviation = 3351

================================

CONFIGURATION: N = 10000000, nodes = 16
Rep 1: Test x0 = 5494489
T = 3216
Found x0 = 5494489 with success probability 1
Rep 2: Test x0 = 5935310
T = 3216
Found x0 = 5935310 with success probability 1
Rep 3: Test x0 = 7160174
T = 3216
Found x0 = 7160174 with success probability 1
Rep 4: Test x0 = 8452433
T = 3216
Found x0 = 8452433 with success probability 1
Rep 5: Test x0 = 6034612
T = 3216
Found x0 = 6034612 with success probability 1
Rep 6: Test x0 = 8589390
T = 3216
Found x0 = 8589390 with success probability 1
Rep 7: Test x0 = 5455140
T = 3216
Found x0 = 5455140 with success probability 1
Rep 8: Test x0 = 8482327
T = 3216
Found x0 = 8482327 with success probability 1
Rep 9: Test x0 = 4241453
T = 3216
Found x0 = 4241453 with success probability 1
Rep 10: Test x0 = 6242857
T = 3216
Found x0 = 6242857 with success probability 1
Duration [ms] = 268254, 266724, 265748, 265017, 265420, 262904, 260430, 260225, 260650, 261354
Avg time [ms] = 263672, Std deviation = 2774
CONFIGURATION: N = 10000000, nodes = 8
srun: Warning: can't honor --ntasks-per-node set to 2 which doesn't match the requested tasks 32 with the number of requested nodes 8. Ignoring --ntasks-per-node.
srun: Job step aborted: Waiting up to 32 seconds for job step to finish.
slurmstepd: error: *** JOB 12752564 ON nid00091 CANCELLED AT 2019-04-03T22:31:58 DUE TO TIME LIMIT ***
slurmstepd: error: *** STEP 12752564.3 ON nid00091 CANCELLED AT 2019-04-03T22:31:58 DUE TO TIME LIMIT ***
srun: got SIGCONT
srun: forcing job termination
 
Batch Job Summary Report for Job "run-grover.sh" (12752564) on daint
-----------------------------------------------------------------------------------------------------
             Submit            Eligible               Start                 End    Elapsed  Timelimit 
------------------- ------------------- ------------------- ------------------- ---------- ---------- 
2019-04-03T19:04:46 2019-04-03T19:04:46 2019-04-03T19:11:29 2019-04-03T22:31:58   03:20:29   03:20:00 
-----------------------------------------------------------------------------------------------------
Username    Account     Partition   NNodes   Energy
----------  ----------  ----------  ------  --------------
mazzolag    csstaff     normal          16   25.46M joules
 
This job did not utilize any GPUs
 
----------------------------------------------------------
Scratch File System        Files       Quota
--------------------  ----------  ----------
/scratch/snx3000           10361     1000000
 
