=============================
  LOADING MODULES
=============================
=============================
  BUILDING AND COMPILATION
=============================
-- Cray Programming Environment 2.5.15 C
-- Cray Programming Environment 2.5.15 CXX
-- Found OpenMP_C: -fopenmp  
-- Found OpenMP_CXX: -fopenmp  
-- Could NOT find MPI_C (missing: MPI_C_WORKS) 
CMake Error at /apps/daint/UES/jenkins/6.0.UP07/mc/easybuild/software/CMake/3.12.0/share/cmake-3.12/Modules/FindPackageHandleStandardArgs.cmake:137 (message):
  Could NOT find MPI (missing: MPI_C_FOUND) (found version "3.1")
Call Stack (most recent call first):
  /apps/daint/UES/jenkins/6.0.UP07/mc/easybuild/software/CMake/3.12.0/share/cmake-3.12/Modules/FindPackageHandleStandardArgs.cmake:378 (_FPHSA_FAILURE_MESSAGE)
  /apps/daint/UES/jenkins/6.0.UP07/mc/easybuild/software/CMake/3.12.0/share/cmake-3.12/Modules/FindMPI.cmake:1666 (find_package_handle_standard_args)
  QuEST/CMakeLists.txt:102 (find_package)


-- Configuring incomplete, errors occurred!
See also "/scratch/snx3000/mazzolag/qsim/QuEST/build/CMakeFiles/CMakeOutput.log".
-- Cray Programming Environment 2.5.15 C
-- Cray Programming Environment 2.5.15 CXX
-- Could NOT find MPI_C (missing: MPI_C_WORKS) 
CMake Error at /scratch/snx3000/mazzolag/qsim/QuEST/build/CMakeFiles/CMakeTmp/CMakeLists.txt:12 (include):
  include could not find load file:

    /scratch/snx3000/mazzolag/qsim/QuEST/build/CMakeFiles/CMakeTmp//cmTC_a074dTargets.cmake


CMake Error at /apps/daint/UES/jenkins/6.0.UP07/mc/easybuild/software/CMake/3.12.0/share/cmake-3.12/Modules/FindMPI.cmake:1182 (try_compile):
  Failed to configure test project build system.
Call Stack (most recent call first):
  /apps/daint/UES/jenkins/6.0.UP07/mc/easybuild/software/CMake/3.12.0/share/cmake-3.12/Modules/FindMPI.cmake:1223 (_MPI_try_staged_settings)
  /apps/daint/UES/jenkins/6.0.UP07/mc/easybuild/software/CMake/3.12.0/share/cmake-3.12/Modules/FindMPI.cmake:1437 (_MPI_check_lang_works)
  QuEST/CMakeLists.txt:102 (find_package)


-- Configuring incomplete, errors occurred!
See also "/scratch/snx3000/mazzolag/qsim/QuEST/build/CMakeFiles/CMakeOutput.log".
Makefile:360: recipe for target 'cmake_check_build_system' failed
make: *** [cmake_check_build_system] Error 1
================================
       RUNNING BENCHMARKS
================================
CONFIGURATION: N = 35, nodes = 128
Duration [ms] = 59141, 65915, 27510, 27307, 51852, 67015, 54981, 25825, 30863, 66608
Avg time [ms] = 47701, Std deviation = 16879

================================

 
Batch Job Summary Report for Job "weak-dj128.sh" (13302884) on daint
-----------------------------------------------------------------------------------------------------
             Submit            Eligible               Start                 End    Elapsed  Timelimit 
------------------- ------------------- ------------------- ------------------- ---------- ---------- 
2019-04-25T11:27:53 2019-04-25T11:27:53 2019-04-25T13:06:16 2019-04-25T13:15:22   00:09:06   02:00:00 
-----------------------------------------------------------------------------------------------------
Username    Account     Partition   NNodes   Energy
----------  ----------  ----------  ------  --------------
mazzolag    csstaff     normal         128   10.07M joules
 
This job did not utilize any GPUs
 
----------------------------------------------------------
Scratch File System        Files       Quota
--------------------  ----------  ----------
/scratch/snx3000           26236     1000000
 
